

> tere-project@0.1.0 build
> next build

[1G[0K [33m[1m⚠[22m[39m Warning: Next.js inferred your workspace root, but it may not be correct.
 We detected multiple lockfiles and selected the directory of /Users/ahlulesasjana/package-lock.json as the root directory.
 To silence this warning, set `turbopack.root` in your Next.js config, or consider removing one of the lockfiles if it's not needed.
   See https://nextjs.org/docs/app/api-reference/config/next-config-js/turbopack#root-directory for more information.
 Detected additional lockfiles: 
   * /Users/ahlulesasjana/labs/krasnaya-ploshchad/apps/tere-project/package-lock.json
   * /Users/ahlulesasjana/labs/krasnaya-ploshchad/package-lock.json

   [1m[38;2;173;127;168m▲ Next.js 16.0.8[39m[22m (Turbopack, Cache Components)
   - Environments: .env

 [37m[1m [22m[39m Creating an optimized production build ...
Browserslist: browsers data (caniuse-lite) is 8 months old. Please run:
  npx update-browserslist-db@latest
  Why you should do it regularly: https://github.com/browserslist/update-db#readme
 [32m[1m✓[22m[39m Compiled successfully in 14.5s
[?25l [37m[1m [22m[39m Running TypeScript  [36m.[39m[2K[1G [37m[1m [22m[39m Running TypeScript  [36m..[39m[2K[1G [37m[1m [22m[39m Running TypeScript  [36m...[39m[2K[1G [37m[1m [22m[39m Running TypeScript  [36m.[39m[2K[1G [37m[1m [22m[39m Running TypeScript  [36m..[39m[2K[1G [37m[1m [22m[39m Running TypeScript  [36m...[39m[2K[1G [37m[1m [22m[39m Running TypeScript  [36m.[39m[2K[1G [37m[1m [22m[39m Running TypeScript  [36m..[39m[2K[1G [37m[1m [22m[39m Running TypeScript  [36m...[39m[2K[1G [37m[1m [22m[39m Running TypeScript  [36m.[39m[2K[1G [37m[1m [22m[39m Running TypeScript  [36m..[39m[2K[1G [37m[1m [22m[39m Running TypeScript  [36m...[39m[2K[1G [37m[1m [22m[39m Running TypeScript  [36m.[39m[2K[1G [37m[1m [22m[39m Running TypeScript  [36m..[39m[2K[1G [37m[1m [22m[39m Running TypeScript  [36m...[39m[2K[1G [37m[1m [22m[39m Running TypeScript  [36m.[39m[2K[1G [37m[1m [22m[39m Running TypeScript  [36m..[39m[2K[1G [37m[1m [22m[39m Running TypeScript  [36m...[39m[2K[1G [37m[1m [22m[39m Running TypeScript  [36m.[39m[2K[1G [37m[1m [22m[39m Running TypeScript  [36m..[39m[2K[1G [37m[1m [22m[39m Running TypeScript  [36m...[39m[2K[1G [37m[1m [22m[39m Running TypeScript  [36m.[39m[2K[1G [37m[1m [22m[39m Running TypeScript  [36m..[39m[2K[1G [37m[1m [22m[39m Running TypeScript  [36m...[39m[2K[1G [37m[1m [22m[39m Running TypeScript  [36m.[39m[2K[1G [37m[1m [22m[39m Running TypeScript  [36m..[39m[2K[1G [37m[1m [22m[39m Running TypeScript  [36m...[39m[2K[1G [37m[1m [22m[39m Running TypeScript  [36m.[39m[2K[1G [37m[1m [22m[39m Running TypeScript  [36m..[39m[2K[1G [37m[1m [22m[39m Running TypeScript  [36m...[39m[2K[1G [37m[1m [22m[39m Running TypeScript  [36m.[39m[2K[1G [37m[1m [22m[39m Running TypeScript  [36m..[39m[2K[1G [37m[1m [22m[39m Running TypeScript  [36m...[39m[2K[1G [37m[1m [22m[39m Running TypeScript  [36m.[39m[2K[1G [37m[1m [22m[39m Running TypeScript  [36m..[39m[2K[1G [37m[1m [22m[39m Running TypeScript  [36m...[39m[2K[1G [37m[1m [22m[39m Running TypeScript  [36m.[39m[2K[1G [37m[1m [22m[39m Running TypeScript  [36m..[39m[2K[1G [37m[1m [22m[39m Running TypeScript  [36m...[39m[2K[1G [37m[1m [22m[39m Running TypeScript  [36m.[39m[2K[1G [37m[1m [22m[39m Running TypeScript  [36m..[39m[2K[1G [37m[1m [22m[39m Running TypeScript  [36m...[39m[2K[1G [37m[1m [22m[39m Running TypeScript  [36m.[39m[2K[1G [37m[1m [22m[39m Running TypeScript  [36m..[39m[2K[1G [37m[1m [22m[39m Running TypeScript  [36m...[39m[2K[1G [37m[1m [22m[39m Running TypeScript  [36m.[39m[2K[1G [37m[1m [22m[39m Running TypeScript  [36m..[39m[2K[1G [37m[1m [22m[39m Running TypeScript  [36m...[39m[2K[1G[?25h[?25l [37m[1m [22m[39m Finished TypeScript in 9.6s  [36m.[39m[2K[1G[?25h [37m[1m [22m[39m Finished TypeScript in 9.6s     [32m[1m✓[22m[39m Finished TypeScript in 9.6s 
[?25l [37m[1m [22m[39m Collecting page data using 7 workers  [36m.[39m[2K[1G [37m[1m [22m[39m Collecting page data using 7 workers  [36m..[39m[2K[1G [37m[1m [22m[39m Collecting page data using 7 workers  [36m...[39m[2K[1G [37m[1m [22m[39m Collecting page data using 7 workers  [36m.[39m[2K[1G [37m[1m [22m[39m Collecting page data using 7 workers  [36m..[39m[2K[1G [37m[1m [22m[39m Collecting page data using 7 workers  [36m...[39m[2K[1G [37m[1m [22m[39m Collecting page data using 7 workers  [36m.[39m[2K[1G [37m[1m [22m[39m Collecting page data using 7 workers  [36m..[39m[2K[1G[?25h [37m[1m [22m[39m Collecting page data using 7 workers in 1562.7ms     [32m[1m✓[22m[39m Collecting page data using 7 workers in 1562.7ms 
[?25l [37m[1m [22m[39m Generating static pages using 7 workers (0/12)  [36m[    ][39m[2K[1G [37m[1m [22m[39m Generating static pages using 7 workers (0/12)  [36m[=   ][39m[2K[1G [37m[1m [22m[39m Generating static pages using 7 workers (0/12)  [36m[==  ][39m[2K[1G [37m[1m [22m[39m Generating static pages using 7 workers (0/12)  [36m[=== ][39m[2K[1G[?25h[2mError checking admin status: Error: Route /api/auth/is-admin needs to bail out of prerendering at this point because it used nextUrl.searchParams.
    at E (src/app/api/auth/is-admin/route.ts:22:42)
[0m [90m 20 |[39m [36mexport[39m [36masync[39m [36mfunction[39m [33mGET[39m(request[33m:[39m [33mNextRequest[39m) {
 [90m 21 |[39m   [36mtry[39m {
[31m[1m>[22m[39m[90m 22 |[39m     [36mconst[39m searchParams [33m=[39m request[33m.[39mnextUrl[33m.[39msearchParams[33m;[39m
 [90m    |[39m                                          [31m[1m^[22m[39m
 [90m 23 |[39m     [36mconst[39m email [33m=[39m searchParams[33m.[39m[36mget[39m([32m'email'[39m)[33m;[39m
 [90m 24 |[39m
 [90m 25 |[39m     [36mconst[39m isAdmin [33m=[39m isAdminUser(email)[33m;[39m[0m {
  digest: [32m'NEXT_PRERENDER_INTERRUPTED'[39m
}[22m[2m[22m
[2mError checking admin status: Error: Route /api/auth/is-admin needs to bail out of prerendering at this point because it used nextUrl.searchParams.
    at E (src/app/api/auth/is-admin/route.ts:22:42)
[0m [90m 20 |[39m [36mexport[39m [36masync[39m [36mfunction[39m [33mGET[39m(request[33m:[39m [33mNextRequest[39m) {
 [90m 21 |[39m   [36mtry[39m {
[31m[1m>[22m[39m[90m 22 |[39m     [36mconst[39m searchParams [33m=[39m request[33m.[39mnextUrl[33m.[39msearchParams[33m;[39m
 [90m    |[39m                                          [31m[1m^[22m[39m
 [90m 23 |[39m     [36mconst[39m email [33m=[39m searchParams[33m.[39m[36mget[39m([32m'email'[39m)[33m;[39m
 [90m 24 |[39m
 [90m 25 |[39m     [36mconst[39m isAdmin [33m=[39m isAdminUser(email)[33m;[39m[0m {
  digest: [32m'NEXT_PRERENDER_INTERRUPTED'[39m
}[22m[2m[22m
[?25h [32m[1m✓[22m[39m Generating static pages using 7 workers (12/12) in 1436.9ms
[?25l [37m[1m [22m[39m Finalizing page optimization  [36m.[39m[2K[1G[?25h [37m[1m [22m[39m Finalizing page optimization in 29.9ms     [32m[1m✓[22m[39m Finalizing page optimization in 29.9ms 

[4mRoute (app)[24m
┌ ○ /
├ ○ /_not-found
├ ƒ /api/auth/is-admin
├ ƒ /api/holidays
├ ○ /dashboard
├ ○ /dashboard/monitoring
├ ○ /dashboard/reports
├ ○ /dashboard/talent-leave
├ ○ /sign-in
└ ○ /sign-up


○  (Static)   prerendered as static content
ƒ  (Dynamic)  server-rendered on demand

[?25h[1G[0K⠙[1G[0K
